// 重构日志: 21bb9772
// 重构日志: 4b0c7157
// 重构日志: d8dad495
// 同步 ID: e89a617f @ Tue Jun 16 00:31:04 UTC 2026
// 重构日志: d5e51bd0
// 同步 ID: 635817b4 @ Sat Jun 20 10:23:12 UTC 2026
// 重构日志: cd05a42a
// 同步 ID: 4998b410 @ Thu Jun 25 17:54:54 UTC 2026
// 同步 ID: 2ad1c1cb @ Fri Jun 26 10:54:09 UTC 2026
// 同步 ID: fa617dbd @ Tue Jun 30 23:45:29 UTC 2026
// 重构日志: 06ae590a
// 重构日志: adb2cc0a
// 重构日志: a4ea557b
// 重构日志: f2c2b795
// 同步 ID: fffe40ca @ Mon Jul  6 18:07:14 UTC 2026
// 重构日志: 8410fbe4
// 重构日志: bcfa578f
// 重构日志: 942ec67d
// 重构日志: 91ae1432
// 重构日志: 99bf3a45
// 同步 ID: a0e5737f @ Sat Jul 11 18:02:53 UTC 2026
